<?xml version="1.0" encoding="UTF-8"?>
<coverage generated="1646944409">
  <project timestamp="1646944409">
    <file name="/home/runner/work/crawler/crawler/src/Aggregates/RequestResponseAggregate.php">
      <class name="Crwlr\Crawler\Aggregates\RequestResponseAggregate" namespace="global">
        <metrics complexity="11" methods="7" coveredmethods="7" conditionals="0" coveredconditionals="0" statements="14" coveredstatements="14" elements="21" coveredelements="21"/>
      </class>
      <line num="16" type="method" name="__construct" visibility="public" complexity="1" crap="1" count="81"/>
      <line num="20" type="stmt" count="81"/>
      <line num="23" type="method" name="effectiveUri" visibility="public" complexity="2" crap="2" count="70"/>
      <line num="25" type="stmt" count="70"/>
      <line num="28" type="method" name="requestedUri" visibility="public" complexity="1" crap="1" count="70"/>
      <line num="30" type="stmt" count="70"/>
      <line num="33" type="method" name="isRedirect" visibility="public" complexity="2" crap="2" count="81"/>
      <line num="35" type="stmt" count="81"/>
      <line num="41" type="method" name="redirects" visibility="public" complexity="1" crap="1" count="12"/>
      <line num="43" type="stmt" count="12"/>
      <line num="46" type="method" name="setResponse" visibility="public" complexity="2" crap="2" count="81"/>
      <line num="48" type="stmt" count="81"/>
      <line num="50" type="stmt" count="81"/>
      <line num="51" type="stmt" count="17"/>
      <line num="55" type="method" name="addRedirectUri" visibility="public" complexity="2" crap="2" count="17"/>
      <line num="57" type="stmt" count="17"/>
      <line num="58" type="stmt" count="17"/>
      <line num="59" type="stmt" count="17"/>
      <line num="62" type="stmt" count="17"/>
      <line num="63" type="stmt" count="17"/>
      <metrics loc="67" ncloc="60" classes="1" methods="7" coveredmethods="7" conditionals="0" coveredconditionals="0" statements="14" coveredstatements="14" elements="21" coveredelements="21"/>
    </file>
    <file name="/home/runner/work/crawler/crawler/src/Cache/Exceptions/InvalidArgumentException.php">
      <class name="Crwlr\Crawler\Cache\Exceptions\InvalidArgumentException" namespace="global">
        <metrics complexity="0" methods="0" coveredmethods="0" conditionals="0" coveredconditionals="0" statements="0" coveredstatements="0" elements="0" coveredelements="0"/>
      </class>
      <metrics loc="11" ncloc="11" classes="0" methods="0" coveredmethods="0" conditionals="0" coveredconditionals="0" statements="0" coveredstatements="0" elements="0" coveredelements="0"/>
    </file>
    <file name="/home/runner/work/crawler/crawler/src/Cache/Exceptions/ReadingCacheFailedException.php">
      <class name="Crwlr\Crawler\Cache\Exceptions\ReadingCacheFailedException" namespace="global">
        <metrics complexity="0" methods="0" coveredmethods="0" conditionals="0" coveredconditionals="0" statements="0" coveredstatements="0" elements="0" coveredelements="0"/>
      </class>
      <metrics loc="11" ncloc="11" classes="0" methods="0" coveredmethods="0" conditionals="0" coveredconditionals="0" statements="0" coveredstatements="0" elements="0" coveredelements="0"/>
    </file>
    <file name="/home/runner/work/crawler/crawler/src/Cache/FileCache.php">
      <class name="Crwlr\Crawler\Cache\FileCache" namespace="global">
        <metrics complexity="22" methods="9" coveredmethods="4" conditionals="0" coveredconditionals="0" statements="31" coveredstatements="25" elements="40" coveredelements="29"/>
      </class>
      <line num="12" type="method" name="__construct" visibility="public" complexity="1" crap="1" count="7"/>
      <line num="16" type="method" name="has" visibility="public" complexity="1" crap="1" count="7"/>
      <line num="18" type="stmt" count="7"/>
      <line num="25" type="method" name="get" visibility="public" complexity="3" crap="3.33" count="2"/>
      <line num="27" type="stmt" count="2"/>
      <line num="28" type="stmt" count="2"/>
      <line num="30" type="stmt" count="2"/>
      <line num="31" type="stmt" count="0"/>
      <line num="34" type="stmt" count="2"/>
      <line num="37" type="stmt" count="0"/>
      <line num="40" type="method" name="set" visibility="public" complexity="2" crap="2.15" count="7"/>
      <line num="42" type="stmt" count="7"/>
      <line num="43" type="stmt" count="0"/>
      <line num="46" type="stmt" count="7"/>
      <line num="49" type="method" name="delete" visibility="public" complexity="1" crap="1" count="3"/>
      <line num="51" type="stmt" count="3"/>
      <line num="54" type="method" name="clear" visibility="public" complexity="6" crap="6.10" count="1"/>
      <line num="56" type="stmt" count="1"/>
      <line num="58" type="stmt" count="1"/>
      <line num="59" type="stmt" count="1"/>
      <line num="60" type="stmt" count="1"/>
      <line num="61" type="stmt" count="1"/>
      <line num="62" type="stmt" count="0"/>
      <line num="68" type="stmt" count="1"/>
      <line num="76" type="method" name="getMultiple" visibility="public" complexity="2" crap="2" count="1"/>
      <line num="78" type="stmt" count="1"/>
      <line num="80" type="stmt" count="1"/>
      <line num="81" type="stmt" count="1"/>
      <line num="84" type="stmt" count="1"/>
      <line num="91" type="method" name="setMultiple" visibility="public" complexity="3" crap="3.14" count="1"/>
      <line num="93" type="stmt" count="1"/>
      <line num="94" type="stmt" count="1"/>
      <line num="95" type="stmt" count="0"/>
      <line num="99" type="stmt" count="1"/>
      <line num="102" type="method" name="deleteMultiple" visibility="public" complexity="3" crap="3.14" count="1"/>
      <line num="104" type="stmt" count="1"/>
      <line num="105" type="stmt" count="1"/>
      <line num="106" type="stmt" count="0"/>
      <line num="110" type="stmt" count="1"/>
      <metrics loc="113" ncloc="100" classes="1" methods="9" coveredmethods="4" conditionals="0" coveredconditionals="0" statements="31" coveredstatements="25" elements="40" coveredelements="29"/>
    </file>
    <file name="/home/runner/work/crawler/crawler/src/Cache/HttpResponseCacheItem.php">
      <class name="Crwlr\Crawler\Cache\HttpResponseCacheItem" namespace="global">
        <metrics complexity="17" methods="15" coveredmethods="14" conditionals="0" coveredconditionals="0" statements="48" coveredstatements="47" elements="63" coveredelements="61"/>
      </class>
      <line num="28" type="method" name="__construct" visibility="public" complexity="1" crap="1" count="22"/>
      <line num="38" type="stmt" count="22"/>
      <line num="41" type="method" name="keyFromRequest" visibility="public" complexity="1" crap="1" count="6"/>
      <line num="43" type="stmt" count="6"/>
      <line num="44" type="stmt" count="6"/>
      <line num="45" type="stmt" count="6"/>
      <line num="46" type="stmt" count="6"/>
      <line num="47" type="stmt" count="6"/>
      <line num="51" type="method" name="fromAggregate" visibility="public" complexity="1" crap="1" count="16"/>
      <line num="53" type="stmt" count="16"/>
      <line num="54" type="stmt" count="16"/>
      <line num="55" type="stmt" count="16"/>
      <line num="56" type="stmt" count="16"/>
      <line num="57" type="stmt" count="16"/>
      <line num="58" type="stmt" count="16"/>
      <line num="59" type="stmt" count="16"/>
      <line num="60" type="stmt" count="16"/>
      <line num="61" type="stmt" count="16"/>
      <line num="68" type="method" name="fromSerialized" visibility="public" complexity="2" crap="2.06" count="3"/>
      <line num="70" type="stmt" count="3"/>
      <line num="72" type="stmt" count="3"/>
      <line num="73" type="stmt" count="3"/>
      <line num="76" type="stmt" count="0"/>
      <line num="84" type="method" name="fromArray" visibility="public" complexity="1" crap="1" count="4"/>
      <line num="86" type="stmt" count="4"/>
      <line num="93" type="method" name="copyBody" visibility="public" complexity="1" crap="1" count="18"/>
      <line num="95" type="stmt" count="18"/>
      <line num="96" type="stmt" count="18"/>
      <line num="97" type="stmt" count="18"/>
      <line num="99" type="stmt" count="18"/>
      <line num="102" type="method" name="key" visibility="public" complexity="1" crap="1" count="10"/>
      <line num="104" type="stmt" count="10"/>
      <line num="110" type="method" name="toArray" visibility="public" complexity="1" crap="1" count="9"/>
      <line num="113" type="stmt" count="9"/>
      <line num="114" type="stmt" count="9"/>
      <line num="115" type="stmt" count="9"/>
      <line num="116" type="stmt" count="9"/>
      <line num="117" type="stmt" count="9"/>
      <line num="118" type="stmt" count="9"/>
      <line num="119" type="stmt" count="9"/>
      <line num="120" type="stmt" count="9"/>
      <line num="124" type="method" name="serialize" visibility="public" complexity="1" crap="1" count="8"/>
      <line num="126" type="stmt" count="8"/>
      <line num="129" type="method" name="aggregate" visibility="public" complexity="2" crap="2" count="4"/>
      <line num="131" type="stmt" count="4"/>
      <line num="133" type="stmt" count="4"/>
      <line num="134" type="stmt" count="1"/>
      <line num="137" type="stmt" count="4"/>
      <line num="140" type="method" name="request" visibility="public" complexity="1" crap="1" count="6"/>
      <line num="142" type="stmt" count="6"/>
      <line num="145" type="method" name="response" visibility="public" complexity="1" crap="1" count="5"/>
      <line num="147" type="stmt" count="5"/>
      <line num="150" type="method" name="effectiveUri" visibility="public" complexity="1" crap="1" count="4"/>
      <line num="152" type="stmt" count="4"/>
      <line num="158" type="method" name="keyFromRequestData" visibility="private" complexity="1" crap="1" count="23"/>
      <line num="160" type="stmt" count="23"/>
      <line num="162" type="stmt" count="23"/>
      <line num="168" type="method" name="requestProperties" visibility="private" complexity="1" crap="1" count="22"/>
      <line num="171" type="stmt" count="22"/>
      <line num="172" type="stmt" count="22"/>
      <line num="173" type="stmt" count="22"/>
      <line num="174" type="stmt" count="22"/>
      <metrics loc="178" ncloc="147" classes="1" methods="15" coveredmethods="14" conditionals="0" coveredconditionals="0" statements="48" coveredstatements="47" elements="63" coveredelements="61"/>
    </file>
    <file name="/home/runner/work/crawler/crawler/src/Collection.php">
      <class name="Crwlr\Crawler\Collection" namespace="global">
        <metrics complexity="7" methods="7" coveredmethods="6" conditionals="0" coveredconditionals="0" statements="7" coveredstatements="6" elements="14" coveredelements="12"/>
      </class>
      <line num="16" type="method" name="__construct" visibility="public" complexity="1" crap="1" count="4"/>
      <line num="23" type="method" name="all" visibility="public" complexity="1" crap="1" count="2"/>
      <line num="25" type="stmt" count="2"/>
      <line num="28" type="method" name="current" visibility="public" complexity="1" crap="1" count="1"/>
      <line num="30" type="stmt" count="1"/>
      <line num="33" type="method" name="next" visibility="public" complexity="1" crap="1" count="1"/>
      <line num="35" type="stmt" count="1"/>
      <line num="38" type="method" name="key" visibility="public" complexity="1" crap="2" count="0"/>
      <line num="40" type="stmt" count="0"/>
      <line num="43" type="method" name="valid" visibility="public" complexity="1" crap="1" count="1"/>
      <line num="45" type="stmt" count="1"/>
      <line num="48" type="method" name="rewind" visibility="public" complexity="1" crap="1" count="1"/>
      <line num="50" type="stmt" count="1"/>
      <metrics loc="53" ncloc="44" classes="1" methods="7" coveredmethods="6" conditionals="0" coveredconditionals="0" statements="7" coveredstatements="6" elements="14" coveredelements="12"/>
    </file>
    <file name="/home/runner/work/crawler/crawler/src/Crawler.php">
      <class name="Crwlr\Crawler\Crawler" namespace="global">
        <metrics complexity="33" methods="13" coveredmethods="11" conditionals="0" coveredconditionals="0" statements="55" coveredstatements="52" elements="68" coveredelements="63"/>
      </class>
      <line num="29" type="method" name="__construct" visibility="public" complexity="1" crap="1" count="7"/>
      <line num="31" type="stmt" count="7"/>
      <line num="32" type="stmt" count="7"/>
      <line num="33" type="stmt" count="7"/>
      <line num="39" type="method" name="loop" visibility="public" complexity="1" crap="1" count="1"/>
      <line num="41" type="stmt" count="1"/>
      <line num="44" type="method" name="group" visibility="public" complexity="1" crap="1" count="2"/>
      <line num="46" type="stmt" count="2"/>
      <line num="49" type="method" name="getUserAgent" visibility="public" complexity="1" crap="1" count="1"/>
      <line num="51" type="stmt" count="1"/>
      <line num="54" type="method" name="getLogger" visibility="public" complexity="1" crap="1" count="1"/>
      <line num="56" type="stmt" count="1"/>
      <line num="59" type="method" name="getLoader" visibility="public" complexity="1" crap="1" count="1"/>
      <line num="61" type="stmt" count="1"/>
      <line num="64" type="method" name="input" visibility="public" complexity="1" crap="1" count="4"/>
      <line num="66" type="stmt" count="4"/>
      <line num="68" type="stmt" count="4"/>
      <line num="77" type="method" name="addStep" visibility="public" complexity="5" crap="5.20" count="7"/>
      <line num="79" type="stmt" count="7"/>
      <line num="80" type="stmt" count="0"/>
      <line num="81" type="stmt" count="7"/>
      <line num="82" type="stmt" count="0"/>
      <line num="84" type="stmt" count="7"/>
      <line num="87" type="stmt" count="7"/>
      <line num="89" type="stmt" count="7"/>
      <line num="90" type="stmt" count="3"/>
      <line num="93" type="stmt" count="7"/>
      <line num="95" type="stmt" count="7"/>
      <line num="102" type="method" name="run" visibility="public" complexity="7" crap="7" count="4"/>
      <line num="104" type="stmt" count="4"/>
      <line num="106" type="stmt" count="4"/>
      <line num="107" type="stmt" count="4"/>
      <line num="109" type="stmt" count="4"/>
      <line num="110" type="stmt" count="4"/>
      <line num="111" type="stmt" count="2"/>
      <line num="114" type="stmt" count="4"/>
      <line num="117" type="stmt" count="4"/>
      <line num="118" type="stmt" count="2"/>
      <line num="120" type="stmt" count="4"/>
      <line num="124" type="stmt" count="4"/>
      <line num="125" type="stmt" count="4"/>
      <line num="129" type="method" name="logger" visibility="protected" complexity="1" crap="1" count="6"/>
      <line num="131" type="stmt" count="6"/>
      <line num="138" type="method" name="prepareInput" visibility="private" complexity="3" crap="3.03" count="4"/>
      <line num="140" type="stmt" count="4"/>
      <line num="141" type="stmt" count="0"/>
      <line num="144" type="stmt" count="4"/>
      <line num="145" type="stmt" count="4"/>
      <line num="148" type="stmt" count="1"/>
      <line num="149" type="stmt" count="1"/>
      <line num="150" type="stmt" count="1"/>
      <line num="157" type="method" name="returnResults" visibility="private" complexity="7" crap="7" count="4"/>
      <line num="159" type="stmt" count="4"/>
      <line num="160" type="stmt" count="2"/>
      <line num="162" type="stmt" count="2"/>
      <line num="163" type="stmt" count="2"/>
      <line num="164" type="stmt" count="2"/>
      <line num="170" type="stmt" count="2"/>
      <line num="171" type="stmt" count="2"/>
      <line num="174" type="stmt" count="2"/>
      <line num="175" type="stmt" count="2"/>
      <line num="176" type="stmt" count="2"/>
      <line num="178" type="stmt" count="2"/>
      <line num="183" type="method" name="anyResultKeysDefinedInSteps" visibility="private" complexity="3" crap="3" count="4"/>
      <line num="185" type="stmt" count="4"/>
      <line num="186" type="stmt" count="4"/>
      <line num="187" type="stmt" count="2"/>
      <line num="191" type="stmt" count="2"/>
      <metrics loc="194" ncloc="171" classes="1" methods="13" coveredmethods="11" conditionals="0" coveredconditionals="0" statements="55" coveredstatements="52" elements="68" coveredelements="63"/>
    </file>
    <file name="/home/runner/work/crawler/crawler/src/Http/Cookies/Cookie.php">
      <class name="Crwlr\Crawler\Http\Cookies\Cookie" namespace="global">
        <metrics complexity="71" methods="27" coveredmethods="25" conditionals="0" coveredconditionals="0" statements="100" coveredstatements="98" elements="127" coveredelements="123"/>
      </class>
      <line num="29" type="method" name="__construct" visibility="public" complexity="4" crap="4.03" count="70"/>
      <line num="33" type="stmt" count="70"/>
      <line num="36" type="stmt" count="70"/>
      <line num="37" type="stmt" count="70"/>
      <line num="39" type="stmt" count="0"/>
      <line num="42" type="stmt" count="70"/>
      <line num="43" type="stmt" count="70"/>
      <line num="44" type="stmt" count="70"/>
      <line num="47" type="method" name="shouldBeSentTo" visibility="public" complexity="11" crap="11" count="35"/>
      <line num="49" type="stmt" count="35"/>
      <line num="50" type="stmt" count="35"/>
      <line num="53" type="stmt" count="35"/>
      <line num="54" type="stmt" count="30"/>
      <line num="55" type="stmt" count="27"/>
      <line num="56" type="stmt" count="26"/>
      <line num="57" type="stmt" count="35"/>
      <line num="59" type="stmt" count="20"/>
      <line num="62" type="stmt" count="17"/>
      <line num="65" type="method" name="__toString" visibility="public" complexity="1" crap="1" count="2"/>
      <line num="67" type="stmt" count="2"/>
      <line num="70" type="method" name="receivedFromUrl" visibility="public" complexity="1" crap="1" count="1"/>
      <line num="72" type="stmt" count="1"/>
      <line num="75" type="method" name="name" visibility="public" complexity="1" crap="1" count="8"/>
      <line num="77" type="stmt" count="8"/>
      <line num="80" type="method" name="value" visibility="public" complexity="1" crap="1" count="3"/>
      <line num="82" type="stmt" count="3"/>
      <line num="85" type="method" name="expires" visibility="public" complexity="1" crap="1" count="24"/>
      <line num="87" type="stmt" count="24"/>
      <line num="90" type="method" name="maxAge" visibility="public" complexity="1" crap="1" count="22"/>
      <line num="92" type="stmt" count="22"/>
      <line num="95" type="method" name="isExpired" visibility="public" complexity="8" crap="8" count="22"/>
      <line num="97" type="stmt" count="22"/>
      <line num="98" type="stmt" count="14"/>
      <line num="101" type="stmt" count="8"/>
      <line num="103" type="stmt" count="8"/>
      <line num="104" type="stmt" count="1"/>
      <line num="108" type="stmt" count="7"/>
      <line num="109" type="stmt" count="7"/>
      <line num="111" type="stmt" count="5"/>
      <line num="114" type="stmt" count="3"/>
      <line num="117" type="method" name="domain" visibility="public" complexity="1" crap="1" count="38"/>
      <line num="119" type="stmt" count="38"/>
      <line num="122" type="method" name="path" visibility="public" complexity="1" crap="1" count="28"/>
      <line num="124" type="stmt" count="28"/>
      <line num="127" type="method" name="secure" visibility="public" complexity="1" crap="1" count="40"/>
      <line num="129" type="stmt" count="40"/>
      <line num="132" type="method" name="httpOnly" visibility="public" complexity="1" crap="1" count="1"/>
      <line num="134" type="stmt" count="1"/>
      <line num="137" type="method" name="sameSite" visibility="public" complexity="1" crap="1" count="3"/>
      <line num="139" type="stmt" count="3"/>
      <line num="142" type="method" name="isReceivedSecure" visibility="public" complexity="1" crap="1" count="25"/>
      <line num="144" type="stmt" count="25"/>
      <line num="147" type="method" name="hasSecurePrefix" visibility="public" complexity="1" crap="1" count="63"/>
      <line num="149" type="stmt" count="63"/>
      <line num="152" type="method" name="hasHostPrefix" visibility="public" complexity="1" crap="1" count="62"/>
      <line num="154" type="stmt" count="62"/>
      <line num="157" type="method" name="parseSetCookieHeader" visibility="private" complexity="3" crap="3" count="70"/>
      <line num="159" type="stmt" count="70"/>
      <line num="160" type="stmt" count="70"/>
      <line num="162" type="stmt" count="70"/>
      <line num="163" type="stmt" count="1"/>
      <line num="166" type="stmt" count="69"/>
      <line num="168" type="stmt" count="69"/>
      <line num="169" type="stmt" count="59"/>
      <line num="172" type="stmt" count="63"/>
      <line num="175" type="method" name="parseAttribute" visibility="private" complexity="8" crap="8" count="59"/>
      <line num="177" type="stmt" count="59"/>
      <line num="178" type="stmt" count="59"/>
      <line num="179" type="stmt" count="59"/>
      <line num="181" type="stmt" count="59"/>
      <line num="182" type="stmt" count="4"/>
      <line num="183" type="stmt" count="56"/>
      <line num="184" type="stmt" count="7"/>
      <line num="185" type="stmt" count="49"/>
      <line num="186" type="stmt" count="11"/>
      <line num="187" type="stmt" count="39"/>
      <line num="188" type="stmt" count="18"/>
      <line num="189" type="stmt" count="30"/>
      <line num="190" type="stmt" count="23"/>
      <line num="191" type="stmt" count="8"/>
      <line num="192" type="stmt" count="1"/>
      <line num="193" type="stmt" count="7"/>
      <line num="194" type="stmt" count="4"/>
      <line num="202" type="method" name="checkPrefixes" visibility="private" complexity="8" crap="8.06" count="63"/>
      <line num="204" type="stmt" count="63"/>
      <line num="205" type="stmt" count="13"/>
      <line num="206" type="stmt" count="0"/>
      <line num="211" type="stmt" count="13"/>
      <line num="212" type="stmt" count="2"/>
      <line num="218" type="stmt" count="61"/>
      <line num="219" type="stmt" count="8"/>
      <line num="220" type="stmt" count="1"/>
      <line num="223" type="stmt" count="7"/>
      <line num="224" type="stmt" count="2"/>
      <line num="229" type="method" name="setExpires" visibility="private" complexity="1" crap="1" count="4"/>
      <line num="231" type="stmt" count="4"/>
      <line num="234" type="method" name="setMaxAge" visibility="private" complexity="1" crap="1" count="7"/>
      <line num="236" type="stmt" count="7"/>
      <line num="237" type="stmt" count="7"/>
      <line num="243" type="method" name="setDomain" visibility="private" complexity="4" crap="4" count="70"/>
      <line num="245" type="stmt" count="70"/>
      <line num="246" type="stmt" count="1"/>
      <line num="249" type="stmt" count="70"/>
      <line num="250" type="stmt" count="2"/>
      <line num="251" type="stmt" count="2"/>
      <line num="255" type="stmt" count="70"/>
      <line num="257" type="stmt" count="70"/>
      <line num="258" type="stmt" count="9"/>
      <line num="262" type="method" name="setPath" visibility="private" complexity="1" crap="1" count="18"/>
      <line num="264" type="stmt" count="18"/>
      <line num="267" type="method" name="setSecure" visibility="private" complexity="2" crap="2" count="23"/>
      <line num="269" type="stmt" count="23"/>
      <line num="270" type="stmt" count="3"/>
      <line num="275" type="stmt" count="20"/>
      <line num="281" type="method" name="setSameSite" visibility="private" complexity="2" crap="2" count="4"/>
      <line num="283" type="stmt" count="4"/>
      <line num="285" type="stmt" count="4"/>
      <line num="286" type="stmt" count="1"/>
      <line num="289" type="stmt" count="3"/>
      <line num="292" type="method" name="pathMatches" visibility="private" complexity="4" crap="4" count="9"/>
      <line num="294" type="stmt" count="9"/>
      <line num="295" type="stmt" count="9"/>
      <line num="297" type="stmt" count="9"/>
      <line num="299" type="stmt" count="6"/>
      <line num="300" type="stmt" count="5"/>
      <line num="301" type="stmt" count="9"/>
      <metrics loc="305" ncloc="292" classes="1" methods="27" coveredmethods="25" conditionals="0" coveredconditionals="0" statements="100" coveredstatements="98" elements="127" coveredelements="123"/>
    </file>
    <file name="/home/runner/work/crawler/crawler/src/Http/Cookies/CookieJar.php">
      <class name="Crwlr\Crawler\Http\Cookies\CookieJar" namespace="global">
        <metrics complexity="12" methods="4" coveredmethods="2" conditionals="0" coveredconditionals="0" statements="18" coveredstatements="16" elements="22" coveredelements="18"/>
      </class>
      <line num="21" type="method" name="allByDomain" visibility="public" complexity="2" crap="2.15" count="4"/>
      <line num="23" type="stmt" count="4"/>
      <line num="24" type="stmt" count="4"/>
      <line num="27" type="stmt" count="0"/>
      <line num="30" type="method" name="flush" visibility="public" complexity="1" crap="2" count="0"/>
      <line num="32" type="stmt" count="0"/>
      <line num="38" type="method" name="addFrom" visibility="public" complexity="4" crap="4" count="39"/>
      <line num="40" type="stmt" count="39"/>
      <line num="42" type="stmt" count="39"/>
      <line num="43" type="stmt" count="6"/>
      <line num="45" type="stmt" count="6"/>
      <line num="46" type="stmt" count="6"/>
      <line num="47" type="stmt" count="6"/>
      <line num="55" type="method" name="getFor" visibility="public" complexity="5" crap="5" count="38"/>
      <line num="57" type="stmt" count="38"/>
      <line num="59" type="stmt" count="38"/>
      <line num="60" type="stmt" count="37"/>
      <line num="63" type="stmt" count="2"/>
      <line num="65" type="stmt" count="2"/>
      <line num="66" type="stmt" count="2"/>
      <line num="67" type="stmt" count="2"/>
      <line num="71" type="stmt" count="2"/>
      <metrics loc="74" ncloc="61" classes="1" methods="4" coveredmethods="2" conditionals="0" coveredconditionals="0" statements="18" coveredstatements="16" elements="22" coveredelements="18"/>
    </file>
    <file name="/home/runner/work/crawler/crawler/src/Http/Cookies/Date.php">
      <class name="Crwlr\Crawler\Http\Cookies\Date" namespace="global">
        <metrics complexity="4" methods="2" coveredmethods="1" conditionals="0" coveredconditionals="0" statements="7" coveredstatements="6" elements="9" coveredelements="7"/>
      </class>
      <line num="13" type="method" name="__construct" visibility="public" complexity="1" crap="1" count="6"/>
      <line num="20" type="method" name="dateTime" visibility="public" complexity="3" crap="3.04" count="6"/>
      <line num="22" type="stmt" count="6"/>
      <line num="23" type="stmt" count="6"/>
      <line num="25" type="stmt" count="6"/>
      <line num="26" type="stmt" count="0"/>
      <line num="29" type="stmt" count="6"/>
      <line num="32" type="stmt" count="6"/>
      <metrics loc="35" ncloc="32" classes="1" methods="2" coveredmethods="1" conditionals="0" coveredconditionals="0" statements="7" coveredstatements="6" elements="9" coveredelements="7"/>
    </file>
    <file name="/home/runner/work/crawler/crawler/src/HttpCrawler.php">
      <class name="Crwlr\Crawler\HttpCrawler" namespace="global">
        <metrics complexity="2" methods="2" coveredmethods="0" conditionals="0" coveredconditionals="0" statements="2" coveredstatements="0" elements="4" coveredelements="0"/>
      </class>
      <line num="14" type="method" name="loader" visibility="public" complexity="1" crap="2" count="0"/>
      <line num="16" type="stmt" count="0"/>
      <line num="26" type="method" name="httpClient" visibility="protected" complexity="1" crap="2" count="0"/>
      <line num="28" type="stmt" count="0"/>
      <metrics loc="31" ncloc="24" classes="1" methods="2" coveredmethods="0" conditionals="0" coveredconditionals="0" statements="2" coveredstatements="0" elements="4" coveredelements="0"/>
    </file>
    <file name="/home/runner/work/crawler/crawler/src/Input.php">
      <class name="Crwlr\Crawler\Input" namespace="global">
        <metrics complexity="0" methods="0" coveredmethods="0" conditionals="0" coveredconditionals="0" statements="0" coveredstatements="0" elements="0" coveredelements="0"/>
      </class>
      <metrics loc="8" ncloc="8" classes="0" methods="0" coveredmethods="0" conditionals="0" coveredconditionals="0" statements="0" coveredstatements="0" elements="0" coveredelements="0"/>
    </file>
    <file name="/home/runner/work/crawler/crawler/src/Io.php">
      <class name="Crwlr\Crawler\Io" namespace="global">
        <metrics complexity="5" methods="2" coveredmethods="2" conditionals="0" coveredconditionals="0" statements="5" coveredstatements="5" elements="7" coveredelements="7"/>
      </class>
      <line num="9" type="method" name="__construct" visibility="public" complexity="4" crap="4" count="89"/>
      <line num="11" type="stmt" count="89"/>
      <line num="13" type="stmt" count="89"/>
      <line num="14" type="stmt" count="19"/>
      <line num="18" type="method" name="get" visibility="public" complexity="1" crap="1" count="85"/>
      <line num="20" type="stmt" count="85"/>
      <metrics loc="23" ncloc="23" classes="1" methods="2" coveredmethods="2" conditionals="0" coveredconditionals="0" statements="5" coveredstatements="5" elements="7" coveredelements="7"/>
    </file>
    <file name="/home/runner/work/crawler/crawler/src/Loader/HttpLoader.php">
      <class name="Crwlr\Crawler\Loader\HttpLoader" namespace="global">
        <metrics complexity="31" methods="11" coveredmethods="7" conditionals="0" coveredconditionals="0" statements="87" coveredstatements="79" elements="98" coveredelements="86"/>
      </class>
      <line num="29" type="method" name="__construct" visibility="public" complexity="2" crap="2.00" count="46"/>
      <line num="34" type="stmt" count="46"/>
      <line num="36" type="stmt" count="46"/>
      <line num="38" type="stmt" count="46"/>
      <line num="39" type="stmt" count="28"/>
      <line num="42" type="stmt" count="46"/>
      <line num="43" type="stmt" count="8"/>
      <line num="45" type="stmt" count="8"/>
      <line num="46" type="stmt" count="8"/>
      <line num="47" type="stmt" count="8"/>
      <line num="49" type="stmt" count="0"/>
      <line num="52" type="stmt" count="8"/>
      <line num="55" type="stmt" count="46"/>
      <line num="58" type="method" name="load" visibility="public" complexity="7" crap="7.34" count="34"/>
      <line num="60" type="stmt" count="34"/>
      <line num="62" type="stmt" count="33"/>
      <line num="63" type="stmt" count="4"/>
      <line num="66" type="stmt" count="33"/>
      <line num="67" type="stmt" count="33"/>
      <line num="70" type="stmt" count="33"/>
      <line num="71" type="stmt" count="33"/>
      <line num="73" type="stmt" count="33"/>
      <line num="74" type="stmt" count="31"/>
      <line num="77" type="stmt" count="33"/>
      <line num="78" type="stmt" count="25"/>
      <line num="80" type="stmt" count="8"/>
      <line num="83" type="stmt" count="33"/>
      <line num="84" type="stmt" count="1"/>
      <line num="85" type="stmt" count="1"/>
      <line num="88" type="stmt" count="33"/>
      <line num="89" type="stmt" count="0"/>
      <line num="90" type="stmt" count="0"/>
      <line num="91" type="stmt" count="0"/>
      <line num="93" type="stmt" count="0"/>
      <line num="95" type="stmt" count="33"/>
      <line num="104" type="method" name="loadOrFail" visibility="public" complexity="5" crap="5" count="16"/>
      <line num="106" type="stmt" count="16"/>
      <line num="107" type="stmt" count="15"/>
      <line num="108" type="stmt" count="13"/>
      <line num="109" type="stmt" count="13"/>
      <line num="110" type="stmt" count="13"/>
      <line num="111" type="stmt" count="13"/>
      <line num="113" type="stmt" count="13"/>
      <line num="114" type="stmt" count="12"/>
      <line num="117" type="stmt" count="13"/>
      <line num="118" type="stmt" count="2"/>
      <line num="121" type="stmt" count="11"/>
      <line num="122" type="stmt" count="11"/>
      <line num="124" type="stmt" count="11"/>
      <line num="125" type="stmt" count="1"/>
      <line num="126" type="stmt" count="1"/>
      <line num="129" type="stmt" count="11"/>
      <line num="132" type="method" name="dontUseCookies" visibility="public" complexity="1" crap="1" count="1"/>
      <line num="134" type="stmt" count="1"/>
      <line num="136" type="stmt" count="1"/>
      <line num="139" type="method" name="flushCookies" visibility="public" complexity="1" crap="2" count="0"/>
      <line num="141" type="stmt" count="0"/>
      <line num="147" type="method" name="getFromCache" visibility="protected" complexity="3" crap="3" count="38"/>
      <line num="149" type="stmt" count="38"/>
      <line num="150" type="stmt" count="33"/>
      <line num="153" type="stmt" count="5"/>
      <line num="155" type="stmt" count="5"/>
      <line num="156" type="stmt" count="3"/>
      <line num="157" type="stmt" count="3"/>
      <line num="159" type="stmt" count="3"/>
      <line num="162" type="stmt" count="2"/>
      <line num="169" type="method" name="validateSubjectType" visibility="protected" complexity="2" crap="2" count="38"/>
      <line num="171" type="stmt" count="38"/>
      <line num="172" type="stmt" count="34"/>
      <line num="175" type="stmt" count="4"/>
      <line num="178" type="method" name="prepareRequest" visibility="protected" complexity="1" crap="1" count="38"/>
      <line num="180" type="stmt" count="38"/>
      <line num="181" type="stmt" count="38"/>
      <line num="183" type="stmt" count="38"/>
      <line num="189" type="method" name="handleRedirects" visibility="private" complexity="3" crap="3" count="35"/>
      <line num="193" type="stmt" count="35"/>
      <line num="194" type="stmt" count="35"/>
      <line num="195" type="stmt" count="35"/>
      <line num="197" type="stmt" count="35"/>
      <line num="198" type="stmt" count="35"/>
      <line num="200" type="stmt" count="3"/>
      <line num="203" type="stmt" count="35"/>
      <line num="205" type="stmt" count="35"/>
      <line num="206" type="stmt" count="3"/>
      <line num="207" type="stmt" count="3"/>
      <line num="209" type="stmt" count="3"/>
      <line num="212" type="stmt" count="35"/>
      <line num="215" type="method" name="addCookiesToJar" visibility="private" complexity="3" crap="4.12" count="35"/>
      <line num="217" type="stmt" count="35"/>
      <line num="219" type="stmt" count="34"/>
      <line num="220" type="stmt" count="0"/>
      <line num="221" type="stmt" count="0"/>
      <line num="226" type="method" name="addCookiesToRequest" visibility="private" complexity="3" crap="3" count="38"/>
      <line num="228" type="stmt" count="38"/>
      <line num="229" type="stmt" count="1"/>
      <line num="232" type="stmt" count="37"/>
      <line num="233" type="stmt" count="1"/>
      <line num="236" type="stmt" count="37"/>
      <metrics loc="239" ncloc="223" classes="1" methods="11" coveredmethods="7" conditionals="0" coveredconditionals="0" statements="87" coveredstatements="79" elements="98" coveredelements="86"/>
    </file>
    <file name="/home/runner/work/crawler/crawler/src/Loader/Loader.php">
      <class name="Crwlr\Crawler\Loader\Loader" namespace="global">
        <metrics complexity="17" methods="11" coveredmethods="11" conditionals="0" coveredconditionals="0" statements="17" coveredstatements="17" elements="28" coveredelements="28"/>
      </class>
      <line num="26" type="method" name="__construct" visibility="public" complexity="1" crap="1" count="51"/>
      <line num="30" type="stmt" count="51"/>
      <line num="33" type="method" name="beforeLoad" visibility="public" complexity="1" crap="1" count="6"/>
      <line num="35" type="stmt" count="6"/>
      <line num="38" type="method" name="onSuccess" visibility="public" complexity="1" crap="1" count="47"/>
      <line num="40" type="stmt" count="47"/>
      <line num="43" type="method" name="onError" visibility="public" complexity="1" crap="1" count="47"/>
      <line num="45" type="stmt" count="47"/>
      <line num="48" type="method" name="afterLoad" visibility="public" complexity="1" crap="1" count="1"/>
      <line num="50" type="stmt" count="1"/>
      <line num="53" type="method" name="setCache" visibility="public" complexity="1" crap="1" count="6"/>
      <line num="55" type="stmt" count="6"/>
      <line num="62" type="method" name="isAllowedToBeLoaded" visibility="protected" complexity="1" crap="1" count="30"/>
      <line num="64" type="stmt" count="30"/>
      <line num="81" type="method" name="callHook" visibility="protected" complexity="4" crap="4" count="42"/>
      <line num="83" type="stmt" count="42"/>
      <line num="85" type="stmt" count="42"/>
      <line num="86" type="stmt" count="40"/>
      <line num="87" type="stmt" count="40"/>
      <line num="92" type="method" name="userAgent" visibility="protected" complexity="1" crap="1" count="6"/>
      <line num="94" type="stmt" count="6"/>
      <line num="97" type="method" name="logger" visibility="protected" complexity="1" crap="1" count="9"/>
      <line num="99" type="stmt" count="9"/>
      <line num="102" type="method" name="addHookCallback" visibility="private" complexity="2" crap="2" count="50"/>
      <line num="104" type="stmt" count="50"/>
      <line num="105" type="stmt" count="50"/>
      <line num="107" type="stmt" count="18"/>
      <metrics loc="111" ncloc="98" classes="1" methods="11" coveredmethods="11" conditionals="0" coveredconditionals="0" statements="17" coveredstatements="17" elements="28" coveredelements="28"/>
    </file>
    <file name="/home/runner/work/crawler/crawler/src/Loader/LoaderInterface.php">
      <metrics loc="25" ncloc="14" classes="0" methods="0" coveredmethods="0" conditionals="0" coveredconditionals="0" statements="0" coveredstatements="0" elements="0" coveredelements="0"/>
    </file>
    <file name="/home/runner/work/crawler/crawler/src/Loader/PoliteHttpLoader.php">
      <class name="Crwlr\Crawler\Loader\PoliteHttpLoader" namespace="global">
        <metrics complexity="2" methods="2" coveredmethods="2" conditionals="0" coveredconditionals="0" statements="4" coveredstatements="4" elements="6" coveredelements="6"/>
      </class>
      <line num="17" type="method" name="load" visibility="public" complexity="1" crap="1" count="4"/>
      <line num="19" type="stmt" count="4"/>
      <line num="21" type="stmt" count="4"/>
      <line num="29" type="method" name="loadOrFail" visibility="public" complexity="1" crap="1" count="2"/>
      <line num="31" type="stmt" count="2"/>
      <line num="33" type="stmt" count="2"/>
      <metrics loc="36" ncloc="31" classes="1" methods="2" coveredmethods="2" conditionals="0" coveredconditionals="0" statements="4" coveredstatements="4" elements="6" coveredelements="6"/>
    </file>
    <file name="/home/runner/work/crawler/crawler/src/Loader/Traits/CheckRobotsTxt.php">
      <class name="Crwlr\Crawler\Loader\Traits\CheckRobotsTxt" namespace="global">
        <metrics complexity="14" methods="4" coveredmethods="1" conditionals="0" coveredconditionals="0" statements="29" coveredstatements="23" elements="33" coveredelements="24"/>
      </class>
      <line num="32" type="method" name="isAllowedToBeLoaded" visibility="public" complexity="6" crap="6.02" count="6"/>
      <line num="34" type="stmt" count="6"/>
      <line num="35" type="stmt" count="6"/>
      <line num="38" type="stmt" count="6"/>
      <line num="40" type="stmt" count="6"/>
      <line num="41" type="stmt" count="0"/>
      <line num="44" type="stmt" count="6"/>
      <line num="45" type="stmt" count="4"/>
      <line num="46" type="stmt" count="4"/>
      <line num="48" type="stmt" count="4"/>
      <line num="49" type="stmt" count="1"/>
      <line num="52" type="stmt" count="3"/>
      <line num="55" type="stmt" count="4"/>
      <line num="65" type="method" name="loadRobotsTxtContent" visibility="protected" complexity="3" crap="3.04" count="6"/>
      <line num="67" type="stmt" count="6"/>
      <line num="69" type="stmt" count="6"/>
      <line num="70" type="stmt" count="4"/>
      <line num="73" type="stmt" count="6"/>
      <line num="74" type="stmt" count="6"/>
      <line num="77" type="stmt" count="0"/>
      <line num="80" type="method" name="getParsedRobotsTxtFor" visibility="private" complexity="4" crap="5.02" count="6"/>
      <line num="82" type="stmt" count="6"/>
      <line num="84" type="stmt" count="6"/>
      <line num="85" type="stmt" count="6"/>
      <line num="87" type="stmt" count="6"/>
      <line num="88" type="stmt" count="0"/>
      <line num="91" type="stmt" count="6"/>
      <line num="92" type="stmt" count="0"/>
      <line num="93" type="stmt" count="0"/>
      <line num="94" type="stmt" count="0"/>
      <line num="99" type="stmt" count="6"/>
      <line num="102" type="method" name="getRobotsTxtLocationFor" visibility="private" complexity="1" crap="1" count="6"/>
      <line num="104" type="stmt" count="6"/>
      <metrics loc="107" ncloc="92" classes="1" methods="4" coveredmethods="1" conditionals="0" coveredconditionals="0" statements="29" coveredstatements="23" elements="33" coveredelements="24"/>
    </file>
    <file name="/home/runner/work/crawler/crawler/src/Loader/Traits/WaitPolitely.php">
      <class name="Crwlr\Crawler\Loader\Traits\WaitPolitely" namespace="global">
        <metrics complexity="14" methods="8" coveredmethods="5" conditionals="0" coveredconditionals="0" statements="30" coveredstatements="27" elements="38" coveredelements="32"/>
      </class>
      <line num="49" type="method" name="setWaitXTimesOfPreviousResponseTime" visibility="public" complexity="2" crap="2.06" count="2"/>
      <line num="51" type="stmt" count="2"/>
      <line num="52" type="stmt" count="0"/>
      <line num="55" type="stmt" count="2"/>
      <line num="56" type="stmt" count="2"/>
      <line num="59" type="method" name="setMinWaitTime" visibility="public" complexity="1" crap="1" count="1"/>
      <line num="61" type="stmt" count="1"/>
      <line num="64" type="method" name="trackRequestStart" visibility="protected" complexity="1" crap="1" count="7"/>
      <line num="66" type="stmt" count="7"/>
      <line num="69" type="method" name="trackRequestEnd" visibility="protected" complexity="2" crap="2.03" count="7"/>
      <line num="71" type="stmt" count="7"/>
      <line num="72" type="stmt" count="0"/>
      <line num="75" type="stmt" count="7"/>
      <line num="76" type="stmt" count="7"/>
      <line num="77" type="stmt" count="7"/>
      <line num="80" type="method" name="waitUntilNextRequestCanBeSent" visibility="protected" complexity="3" crap="3.01" count="7"/>
      <line num="82" type="stmt" count="7"/>
      <line num="83" type="stmt" count="7"/>
      <line num="86" type="stmt" count="7"/>
      <line num="87" type="stmt" count="7"/>
      <line num="89" type="stmt" count="7"/>
      <line num="90" type="stmt" count="0"/>
      <line num="93" type="stmt" count="7"/>
      <line num="94" type="stmt" count="7"/>
      <line num="95" type="stmt" count="7"/>
      <line num="98" type="method" name="time" visibility="protected" complexity="1" crap="1" count="4"/>
      <line num="100" type="stmt" count="4"/>
      <line num="103" type="method" name="calcWaitUntilTimestamp" visibility="private" complexity="2" crap="2" count="7"/>
      <line num="105" type="stmt" count="7"/>
      <line num="107" type="stmt" count="7"/>
      <line num="108" type="stmt" count="3"/>
      <line num="111" type="stmt" count="7"/>
      <line num="114" type="method" name="getWaitXTimesOfPreviousResponseTime" visibility="private" complexity="2" crap="2" count="7"/>
      <line num="116" type="stmt" count="7"/>
      <line num="117" type="stmt" count="1"/>
      <line num="120" type="stmt" count="6"/>
      <line num="121" type="stmt" count="6"/>
      <line num="122" type="stmt" count="6"/>
      <metrics loc="126" ncloc="98" classes="1" methods="8" coveredmethods="5" conditionals="0" coveredconditionals="0" statements="30" coveredstatements="27" elements="38" coveredelements="32"/>
    </file>
    <file name="/home/runner/work/crawler/crawler/src/Logger/CliLogger.php">
      <class name="Crwlr\Crawler\Logger\CliLogger" namespace="global">
        <metrics complexity="14" methods="12" coveredmethods="11" conditionals="0" coveredconditionals="0" statements="18" coveredstatements="16" elements="30" coveredelements="27"/>
      </class>
      <line num="12" type="method" name="emergency" visibility="public" complexity="1" crap="1" count="1"/>
      <line num="14" type="stmt" count="1"/>
      <line num="17" type="method" name="alert" visibility="public" complexity="1" crap="1" count="1"/>
      <line num="19" type="stmt" count="1"/>
      <line num="22" type="method" name="critical" visibility="public" complexity="1" crap="1" count="1"/>
      <line num="24" type="stmt" count="1"/>
      <line num="27" type="method" name="error" visibility="public" complexity="1" crap="1" count="9"/>
      <line num="29" type="stmt" count="9"/>
      <line num="32" type="method" name="warning" visibility="public" complexity="1" crap="1" count="7"/>
      <line num="34" type="stmt" count="7"/>
      <line num="37" type="method" name="notice" visibility="public" complexity="1" crap="1" count="1"/>
      <line num="39" type="stmt" count="1"/>
      <line num="42" type="method" name="info" visibility="public" complexity="1" crap="1" count="58"/>
      <line num="44" type="stmt" count="58"/>
      <line num="47" type="method" name="debug" visibility="public" complexity="1" crap="1" count="1"/>
      <line num="49" type="stmt" count="1"/>
      <line num="52" type="method" name="log" visibility="public" complexity="3" crap="3.33" count="75"/>
      <line num="54" type="stmt" count="75"/>
      <line num="55" type="stmt" count="0"/>
      <line num="58" type="stmt" count="75"/>
      <line num="59" type="stmt" count="0"/>
      <line num="62" type="stmt" count="75"/>
      <line num="63" type="stmt" count="75"/>
      <line num="66" type="method" name="printTimeAndLevel" visibility="private" complexity="1" crap="1" count="75"/>
      <line num="68" type="stmt" count="75"/>
      <line num="71" type="method" name="time" visibility="private" complexity="1" crap="1" count="75"/>
      <line num="73" type="stmt" count="75"/>
      <line num="76" type="method" name="levelColor" visibility="private" complexity="1" crap="1" count="75"/>
      <line num="78" type="stmt" count="75"/>
      <line num="89" type="stmt" count="75"/>
      <metrics loc="92" ncloc="87" classes="1" methods="12" coveredmethods="11" conditionals="0" coveredconditionals="0" statements="18" coveredstatements="16" elements="30" coveredelements="27"/>
    </file>
    <file name="/home/runner/work/crawler/crawler/src/Output.php">
      <class name="Crwlr\Crawler\Output" namespace="global">
        <metrics complexity="0" methods="0" coveredmethods="0" conditionals="0" coveredconditionals="0" statements="0" coveredstatements="0" elements="0" coveredelements="0"/>
      </class>
      <metrics loc="8" ncloc="8" classes="0" methods="0" coveredmethods="0" conditionals="0" coveredconditionals="0" statements="0" coveredstatements="0" elements="0" coveredelements="0"/>
    </file>
    <file name="/home/runner/work/crawler/crawler/src/Result.php">
      <class name="Crwlr\Crawler\Result" namespace="global">
        <metrics complexity="7" methods="3" coveredmethods="2" conditionals="0" coveredconditionals="0" statements="9" coveredstatements="8" elements="12" coveredelements="10"/>
      </class>
      <line num="16" type="method" name="set" visibility="public" complexity="3" crap="3.07" count="14"/>
      <line num="18" type="stmt" count="14"/>
      <line num="19" type="stmt" count="4"/>
      <line num="20" type="stmt" count="0"/>
      <line num="22" type="stmt" count="4"/>
      <line num="25" type="stmt" count="14"/>
      <line num="29" type="method" name="get" visibility="public" complexity="2" crap="2" count="3"/>
      <line num="31" type="stmt" count="3"/>
      <line num="32" type="stmt" count="2"/>
      <line num="35" type="stmt" count="1"/>
      <line num="41" type="method" name="toArray" visibility="public" complexity="1" crap="1" count="9"/>
      <line num="43" type="stmt" count="9"/>
      <metrics loc="46" ncloc="40" classes="1" methods="3" coveredmethods="2" conditionals="0" coveredconditionals="0" statements="9" coveredstatements="8" elements="12" coveredelements="10"/>
    </file>
    <file name="/home/runner/work/crawler/crawler/src/Results.php">
      <class name="Crwlr\Crawler\Results" namespace="global">
        <metrics complexity="1" methods="1" coveredmethods="1" conditionals="0" coveredconditionals="0" statements="3" coveredstatements="3" elements="4" coveredelements="4"/>
      </class>
      <line num="10" type="method" name="allToArray" visibility="public" complexity="1" crap="1" count="1"/>
      <line num="12" type="stmt" count="1"/>
      <line num="13" type="stmt" count="1"/>
      <line num="14" type="stmt" count="1"/>
      <metrics loc="17" ncloc="14" classes="1" methods="1" coveredmethods="1" conditionals="0" coveredconditionals="0" statements="3" coveredstatements="3" elements="4" coveredelements="4"/>
    </file>
    <file name="/home/runner/work/crawler/crawler/src/Steps/Group.php">
      <class name="Crwlr\Crawler\Steps\Group" namespace="global">
        <metrics complexity="35" methods="10" coveredmethods="5" conditionals="0" coveredconditionals="0" statements="57" coveredstatements="49" elements="67" coveredelements="54"/>
      </class>
      <line num="32" type="method" name="invokeStep" visibility="public" complexity="15" crap="15.39" count="8"/>
      <line num="34" type="stmt" count="8"/>
      <line num="36" type="stmt" count="8"/>
      <line num="37" type="stmt" count="0"/>
      <line num="38" type="stmt" count="0"/>
      <line num="41" type="stmt" count="0"/>
      <line num="46" type="stmt" count="8"/>
      <line num="47" type="stmt" count="1"/>
      <line num="50" type="stmt" count="8"/>
      <line num="51" type="stmt" count="8"/>
      <line num="52" type="stmt" count="1"/>
      <line num="55" type="stmt" count="8"/>
      <line num="57" type="stmt" count="8"/>
      <line num="58" type="stmt" count="5"/>
      <line num="59" type="stmt" count="3"/>
      <line num="60" type="stmt" count="3"/>
      <line num="61" type="stmt" count="3"/>
      <line num="64" type="stmt" count="5"/>
      <line num="67" type="stmt" count="3"/>
      <line num="68" type="stmt" count="3"/>
      <line num="69" type="stmt" count="3"/>
      <line num="72" type="stmt" count="3"/>
      <line num="77" type="stmt" count="8"/>
      <line num="78" type="stmt" count="3"/>
      <line num="79" type="stmt" count="3"/>
      <line num="80" type="stmt" count="3"/>
      <line num="84" type="method" name="useInputKey" visibility="public" complexity="1" crap="2" count="0"/>
      <line num="86" type="stmt" count="0"/>
      <line num="88" type="stmt" count="0"/>
      <line num="91" type="method" name="dontYield" visibility="public" complexity="1" crap="1" count="1"/>
      <line num="93" type="stmt" count="1"/>
      <line num="95" type="stmt" count="1"/>
      <line num="98" type="method" name="combineToSingleOutput" visibility="public" complexity="1" crap="1" count="3"/>
      <line num="100" type="stmt" count="3"/>
      <line num="102" type="stmt" count="3"/>
      <line num="107" type="method" name="setResultKey" visibility="public" complexity="1" crap="2" count="0"/>
      <line num="109" type="stmt" count="0"/>
      <line num="112" type="method" name="getResultKey" visibility="public" complexity="1" crap="2" count="0"/>
      <line num="114" type="stmt" count="0"/>
      <line num="117" type="method" name="addStep" visibility="public" complexity="7" crap="7.04" count="13"/>
      <line num="119" type="stmt" count="13"/>
      <line num="120" type="stmt" count="0"/>
      <line num="121" type="stmt" count="13"/>
      <line num="122" type="stmt" count="2"/>
      <line num="124" type="stmt" count="12"/>
      <line num="127" type="stmt" count="13"/>
      <line num="128" type="stmt" count="10"/>
      <line num="131" type="stmt" count="13"/>
      <line num="132" type="stmt" count="1"/>
      <line num="135" type="stmt" count="13"/>
      <line num="137" type="stmt" count="13"/>
      <line num="140" type="method" name="addLogger" visibility="public" complexity="2" crap="2" count="12"/>
      <line num="142" type="stmt" count="12"/>
      <line num="144" type="stmt" count="12"/>
      <line num="145" type="stmt" count="2"/>
      <line num="148" type="stmt" count="12"/>
      <line num="151" type="method" name="addLoader" visibility="public" complexity="3" crap="3" count="3"/>
      <line num="153" type="stmt" count="3"/>
      <line num="155" type="stmt" count="3"/>
      <line num="156" type="stmt" count="2"/>
      <line num="157" type="stmt" count="1"/>
      <line num="161" type="stmt" count="3"/>
      <line num="164" type="method" name="anyResultKeysDefinedInSteps" visibility="private" complexity="3" crap="3" count="3"/>
      <line num="166" type="stmt" count="3"/>
      <line num="167" type="stmt" count="3"/>
      <line num="168" type="stmt" count="1"/>
      <line num="172" type="stmt" count="2"/>
      <metrics loc="175" ncloc="163" classes="1" methods="10" coveredmethods="5" conditionals="0" coveredconditionals="0" statements="57" coveredstatements="49" elements="67" coveredelements="54"/>
    </file>
    <file name="/home/runner/work/crawler/crawler/src/Steps/Html.php">
      <class name="Crwlr\Crawler\Steps\Html" namespace="global">
        <metrics complexity="4" methods="4" coveredmethods="0" conditionals="0" coveredconditionals="0" statements="4" coveredstatements="0" elements="8" coveredelements="0"/>
      </class>
      <line num="12" type="method" name="querySelector" visibility="public" complexity="1" crap="2" count="0"/>
      <line num="14" type="stmt" count="0"/>
      <line num="17" type="method" name="querySelectorAll" visibility="public" complexity="1" crap="2" count="0"/>
      <line num="19" type="stmt" count="0"/>
      <line num="22" type="method" name="getLink" visibility="public" complexity="1" crap="2" count="0"/>
      <line num="24" type="stmt" count="0"/>
      <line num="27" type="method" name="getLinks" visibility="public" complexity="1" crap="2" count="0"/>
      <line num="29" type="stmt" count="0"/>
      <metrics loc="32" ncloc="32" classes="1" methods="4" coveredmethods="0" conditionals="0" coveredconditionals="0" statements="4" coveredstatements="0" elements="8" coveredelements="0"/>
    </file>
    <file name="/home/runner/work/crawler/crawler/src/Steps/Html/GetLink.php">
      <class name="Crwlr\Crawler\Steps\Html\GetLink" namespace="global">
        <metrics complexity="7" methods="3" coveredmethods="3" conditionals="0" coveredconditionals="0" statements="15" coveredstatements="15" elements="18" coveredelements="18"/>
      </class>
      <line num="19" type="method" name="__construct" visibility="public" complexity="1" crap="1" count="10"/>
      <line num="23" type="method" name="validateAndSanitizeInput" visibility="protected" complexity="2" crap="2" count="10"/>
      <line num="25" type="stmt" count="10"/>
      <line num="27" type="stmt" count="10"/>
      <line num="28" type="stmt" count="8"/>
      <line num="30" type="stmt" count="8"/>
      <line num="33" type="stmt" count="2"/>
      <line num="41" type="method" name="invoke" visibility="protected" complexity="4" crap="4" count="4"/>
      <line num="43" type="stmt" count="4"/>
      <line num="44" type="stmt" count="4"/>
      <line num="45" type="stmt" count="4"/>
      <line num="48" type="stmt" count="4"/>
      <line num="50" type="stmt" count="4"/>
      <line num="51" type="stmt" count="1"/>
      <line num="52" type="stmt" count="1"/>
      <line num="55" type="stmt" count="4"/>
      <line num="56" type="stmt" count="4"/>
      <metrics loc="60" ncloc="54" classes="1" methods="3" coveredmethods="3" conditionals="0" coveredconditionals="0" statements="15" coveredstatements="15" elements="18" coveredelements="18"/>
    </file>
    <file name="/home/runner/work/crawler/crawler/src/Steps/Html/GetLinks.php">
      <class name="Crwlr\Crawler\Steps\Html\GetLinks" namespace="global">
        <metrics complexity="4" methods="1" coveredmethods="1" conditionals="0" coveredconditionals="0" statements="8" coveredstatements="8" elements="9" coveredelements="9"/>
      </class>
      <line num="17" type="method" name="invoke" visibility="protected" complexity="4" crap="4" count="4"/>
      <line num="19" type="stmt" count="4"/>
      <line num="20" type="stmt" count="4"/>
      <line num="21" type="stmt" count="4"/>
      <line num="24" type="stmt" count="4"/>
      <line num="26" type="stmt" count="4"/>
      <line num="27" type="stmt" count="1"/>
      <line num="28" type="stmt" count="1"/>
      <line num="31" type="stmt" count="4"/>
      <metrics loc="35" ncloc="29" classes="1" methods="1" coveredmethods="1" conditionals="0" coveredconditionals="0" statements="8" coveredstatements="8" elements="9" coveredelements="9"/>
    </file>
    <file name="/home/runner/work/crawler/crawler/src/Steps/Html/QuerySelector.php">
      <class name="Crwlr\Crawler\Steps\Html\QuerySelector" namespace="global">
        <metrics complexity="13" methods="8" coveredmethods="7" conditionals="0" coveredconditionals="0" statements="32" coveredstatements="31" elements="40" coveredelements="38"/>
      </class>
      <line num="17" type="method" name="__construct" visibility="public" complexity="1" crap="1" count="16"/>
      <line num="23" type="method" name="html" visibility="public" complexity="1" crap="1" count="1"/>
      <line num="25" type="stmt" count="1"/>
      <line num="26" type="stmt" count="1"/>
      <line num="28" type="stmt" count="1"/>
      <line num="31" type="method" name="text" visibility="public" complexity="1" crap="1" count="1"/>
      <line num="33" type="stmt" count="1"/>
      <line num="34" type="stmt" count="1"/>
      <line num="36" type="stmt" count="1"/>
      <line num="39" type="method" name="innerText" visibility="public" complexity="1" crap="1" count="1"/>
      <line num="41" type="stmt" count="1"/>
      <line num="42" type="stmt" count="1"/>
      <line num="44" type="stmt" count="1"/>
      <line num="47" type="method" name="attribute" visibility="public" complexity="1" crap="1" count="1"/>
      <line num="49" type="stmt" count="1"/>
      <line num="50" type="stmt" count="1"/>
      <line num="52" type="stmt" count="1"/>
      <line num="55" type="method" name="outerHtml" visibility="public" complexity="1" crap="1" count="1"/>
      <line num="57" type="stmt" count="1"/>
      <line num="58" type="stmt" count="1"/>
      <line num="60" type="stmt" count="1"/>
      <line num="63" type="method" name="validateAndSanitizeInput" visibility="protected" complexity="4" crap="4.03" count="15"/>
      <line num="65" type="stmt" count="15"/>
      <line num="67" type="stmt" count="15"/>
      <line num="68" type="stmt" count="13"/>
      <line num="71" type="stmt" count="2"/>
      <line num="72" type="stmt" count="1"/>
      <line num="75" type="stmt" count="1"/>
      <line num="76" type="stmt" count="1"/>
      <line num="79" type="stmt" count="0"/>
      <line num="86" type="method" name="invoke" visibility="protected" complexity="3" crap="3" count="14"/>
      <line num="88" type="stmt" count="14"/>
      <line num="89" type="stmt" count="14"/>
      <line num="91" type="stmt" count="14"/>
      <line num="92" type="stmt" count="14"/>
      <line num="93" type="stmt" count="14"/>
      <line num="96" type="stmt" count="14"/>
      <line num="98" type="stmt" count="14"/>
      <line num="99" type="stmt" count="13"/>
      <metrics loc="103" ncloc="99" classes="1" methods="8" coveredmethods="7" conditionals="0" coveredconditionals="0" statements="32" coveredstatements="31" elements="40" coveredelements="38"/>
    </file>
    <file name="/home/runner/work/crawler/crawler/src/Steps/Html/QuerySelectorAll.php">
      <class name="Crwlr\Crawler\Steps\Html\QuerySelectorAll" namespace="global">
        <metrics complexity="3" methods="1" coveredmethods="0" conditionals="0" coveredconditionals="0" statements="11" coveredstatements="10" elements="12" coveredelements="10"/>
      </class>
      <line num="17" type="method" name="invoke" visibility="protected" complexity="3" crap="3.01" count="1"/>
      <line num="19" type="stmt" count="1"/>
      <line num="20" type="stmt" count="1"/>
      <line num="22" type="stmt" count="1"/>
      <line num="23" type="stmt" count="1"/>
      <line num="24" type="stmt" count="1"/>
      <line num="27" type="stmt" count="1"/>
      <line num="28" type="stmt" count="1"/>
      <line num="29" type="stmt" count="0"/>
      <line num="32" type="stmt" count="1"/>
      <line num="35" type="stmt" count="1"/>
      <line num="36" type="stmt" count="1"/>
      <metrics loc="40" ncloc="35" classes="1" methods="1" coveredmethods="0" conditionals="0" coveredconditionals="0" statements="11" coveredstatements="10" elements="12" coveredelements="10"/>
    </file>
    <file name="/home/runner/work/crawler/crawler/src/Steps/Loading/Http.php">
      <class name="Crwlr\Crawler\Steps\Loading\Http" namespace="global">
        <metrics complexity="10" methods="8" coveredmethods="8" conditionals="0" coveredconditionals="0" statements="14" coveredstatements="14" elements="22" coveredelements="22"/>
      </class>
      <line num="23" type="method" name="__construct" visibility="public" complexity="1" crap="1" count="19"/>
      <line num="34" type="method" name="get" visibility="public" complexity="1" crap="1" count="2"/>
      <line num="36" type="stmt" count="2"/>
      <line num="42" type="method" name="post" visibility="public" complexity="1" crap="1" count="1"/>
      <line num="47" type="stmt" count="1"/>
      <line num="53" type="method" name="put" visibility="public" complexity="1" crap="1" count="1"/>
      <line num="58" type="stmt" count="1"/>
      <line num="64" type="method" name="patch" visibility="public" complexity="1" crap="1" count="1"/>
      <line num="69" type="stmt" count="1"/>
      <line num="75" type="method" name="delete" visibility="public" complexity="1" crap="1" count="1"/>
      <line num="80" type="stmt" count="1"/>
      <line num="86" type="method" name="validateAndSanitizeInput" visibility="protected" complexity="3" crap="3" count="18"/>
      <line num="88" type="stmt" count="18"/>
      <line num="90" type="stmt" count="18"/>
      <line num="91" type="stmt" count="1"/>
      <line num="94" type="stmt" count="17"/>
      <line num="95" type="stmt" count="16"/>
      <line num="98" type="stmt" count="1"/>
      <line num="105" type="method" name="invoke" visibility="protected" complexity="1" crap="1" count="17"/>
      <line num="107" type="stmt" count="17"/>
      <line num="109" type="stmt" count="17"/>
      <metrics loc="112" ncloc="84" classes="1" methods="8" coveredmethods="8" conditionals="0" coveredconditionals="0" statements="14" coveredstatements="14" elements="22" coveredelements="22"/>
    </file>
    <file name="/home/runner/work/crawler/crawler/src/Steps/Loading/LoadingStep.php">
      <class name="Crwlr\Crawler\Steps\Loading\LoadingStep" namespace="global">
        <metrics complexity="1" methods="1" coveredmethods="1" conditionals="0" coveredconditionals="0" statements="2" coveredstatements="2" elements="3" coveredelements="3"/>
      </class>
      <line num="12" type="method" name="addLoader" visibility="public" complexity="1" crap="1" count="20"/>
      <line num="14" type="stmt" count="20"/>
      <line num="16" type="stmt" count="20"/>
      <metrics loc="19" ncloc="19" classes="1" methods="1" coveredmethods="1" conditionals="0" coveredconditionals="0" statements="2" coveredstatements="2" elements="3" coveredelements="3"/>
    </file>
    <file name="/home/runner/work/crawler/crawler/src/Steps/Loading/LoadingStepInterface.php">
      <metrics loc="12" ncloc="12" classes="0" methods="0" coveredmethods="0" conditionals="0" coveredconditionals="0" statements="0" coveredstatements="0" elements="0" coveredelements="0"/>
    </file>
    <file name="/home/runner/work/crawler/crawler/src/Steps/LoopStep.php">
      <class name="Crwlr\Crawler\Steps\LoopStep" namespace="global">
        <metrics complexity="27" methods="13" coveredmethods="10" conditionals="0" coveredconditionals="0" statements="47" coveredstatements="42" elements="60" coveredelements="52"/>
      </class>
      <line num="20" type="method" name="__construct" visibility="public" complexity="1" crap="1" count="22"/>
      <line num="24" type="method" name="invokeStep" visibility="public" complexity="10" crap="10" count="19"/>
      <line num="26" type="stmt" count="19"/>
      <line num="28" type="stmt" count="19"/>
      <line num="29" type="stmt" count="19"/>
      <line num="31" type="stmt" count="19"/>
      <line num="32" type="stmt" count="19"/>
      <line num="35" type="stmt" count="19"/>
      <line num="37" type="stmt" count="19"/>
      <line num="38" type="stmt" count="19"/>
      <line num="40" type="stmt" count="19"/>
      <line num="41" type="stmt" count="2"/>
      <line num="43" type="stmt" count="2"/>
      <line num="44" type="stmt" count="1"/>
      <line num="46" type="stmt" count="2"/>
      <line num="49" type="stmt" count="17"/>
      <line num="51" type="stmt" count="17"/>
      <line num="52" type="stmt" count="17"/>
      <line num="57" type="stmt" count="19"/>
      <line num="59" type="stmt" count="19"/>
      <line num="60" type="stmt" count="17"/>
      <line num="65" type="method" name="maxIterations" visibility="public" complexity="1" crap="1" count="12"/>
      <line num="67" type="stmt" count="12"/>
      <line num="69" type="stmt" count="12"/>
      <line num="72" type="method" name="withInput" visibility="public" complexity="1" crap="1" count="2"/>
      <line num="74" type="stmt" count="2"/>
      <line num="76" type="stmt" count="2"/>
      <line num="87" type="method" name="setResultKey" visibility="public" complexity="1" crap="2" count="0"/>
      <line num="89" type="stmt" count="0"/>
      <line num="91" type="stmt" count="0"/>
      <line num="94" type="method" name="getResultKey" visibility="public" complexity="1" crap="1" count="1"/>
      <line num="96" type="stmt" count="1"/>
      <line num="99" type="method" name="useInputKey" visibility="public" complexity="1" crap="2" count="0"/>
      <line num="101" type="stmt" count="0"/>
      <line num="103" type="stmt" count="0"/>
      <line num="106" type="method" name="dontYield" visibility="public" complexity="1" crap="1" count="1"/>
      <line num="108" type="stmt" count="1"/>
      <line num="110" type="stmt" count="1"/>
      <line num="119" type="method" name="updateInputUsingOutput" visibility="public" complexity="2" crap="2" count="1"/>
      <line num="121" type="stmt" count="1"/>
      <line num="122" type="stmt" count="1"/>
      <line num="125" type="stmt" count="1"/>
      <line num="131" type="method" name="callUpdateInputUsingOutput" visibility="public" complexity="2" crap="2.15" count="3"/>
      <line num="133" type="stmt" count="3"/>
      <line num="134" type="stmt" count="3"/>
      <line num="137" type="stmt" count="0"/>
      <line num="140" type="method" name="transformOutputToInput" visibility="public" complexity="1" crap="1" count="4"/>
      <line num="142" type="stmt" count="4"/>
      <line num="144" type="stmt" count="4"/>
      <line num="147" type="method" name="addLogger" visibility="public" complexity="1" crap="1" count="3"/>
      <line num="149" type="stmt" count="3"/>
      <line num="151" type="stmt" count="3"/>
      <line num="154" type="method" name="outputToInput" visibility="private" complexity="4" crap="4" count="17"/>
      <line num="156" type="stmt" count="17"/>
      <line num="157" type="stmt" count="4"/>
      <line num="158" type="stmt" count="2"/>
      <line num="160" type="stmt" count="2"/>
      <line num="163" type="stmt" count="4"/>
      <line num="166" type="stmt" count="13"/>
      <metrics loc="169" ncloc="152" classes="1" methods="13" coveredmethods="10" conditionals="0" coveredconditionals="0" statements="47" coveredstatements="42" elements="60" coveredelements="52"/>
    </file>
    <file name="/home/runner/work/crawler/crawler/src/Steps/Step.php">
      <class name="Crwlr\Crawler\Steps\Step" namespace="global">
        <metrics complexity="16" methods="10" coveredmethods="8" conditionals="0" coveredconditionals="0" statements="27" coveredstatements="22" elements="37" coveredelements="30"/>
      </class>
      <line num="34" type="method" name="invokeStep" visibility="public" complexity="5" crap="6.32" count="78"/>
      <line num="36" type="stmt" count="78"/>
      <line num="37" type="stmt" count="0"/>
      <line num="38" type="stmt" count="0"/>
      <line num="41" type="stmt" count="0"/>
      <line num="44" type="stmt" count="78"/>
      <line num="46" type="stmt" count="75"/>
      <line num="47" type="stmt" count="74"/>
      <line num="48" type="stmt" count="74"/>
      <line num="53" type="method" name="useInputKey" visibility="public" complexity="1" crap="2" count="0"/>
      <line num="55" type="stmt" count="0"/>
      <line num="57" type="stmt" count="0"/>
      <line num="60" type="method" name="setResultKey" visibility="public" complexity="1" crap="1" count="7"/>
      <line num="62" type="stmt" count="7"/>
      <line num="64" type="stmt" count="7"/>
      <line num="67" type="method" name="getResultKey" visibility="public" complexity="1" crap="1" count="6"/>
      <line num="69" type="stmt" count="6"/>
      <line num="72" type="method" name="dontYield" visibility="public" complexity="1" crap="1" count="3"/>
      <line num="74" type="stmt" count="3"/>
      <line num="76" type="stmt" count="3"/>
      <line num="85" type="method" name="updateInputUsingOutput" visibility="public" complexity="1" crap="1" count="5"/>
      <line num="87" type="stmt" count="5"/>
      <line num="89" type="stmt" count="5"/>
      <line num="95" type="method" name="callUpdateInputUsingOutput" visibility="public" complexity="2" crap="2" count="8"/>
      <line num="97" type="stmt" count="8"/>
      <line num="98" type="stmt" count="5"/>
      <line num="101" type="stmt" count="6"/>
      <line num="104" type="method" name="addLogger" visibility="public" complexity="1" crap="1" count="36"/>
      <line num="106" type="stmt" count="36"/>
      <line num="108" type="stmt" count="36"/>
      <line num="121" type="method" name="validateAndSanitizeInput" visibility="protected" complexity="1" crap="1" count="34"/>
      <line num="123" type="stmt" count="34"/>
      <line num="134" type="method" name="output" visibility="protected" complexity="2" crap="2" count="74"/>
      <line num="136" type="stmt" count="74"/>
      <line num="137" type="stmt" count="7"/>
      <line num="138" type="stmt" count="7"/>
      <line num="141" type="stmt" count="74"/>
      <metrics loc="144" ncloc="108" classes="1" methods="10" coveredmethods="8" conditionals="0" coveredconditionals="0" statements="27" coveredstatements="22" elements="37" coveredelements="30"/>
    </file>
    <file name="/home/runner/work/crawler/crawler/src/Steps/StepInterface.php">
      <metrics loc="24" ncloc="20" classes="0" methods="0" coveredmethods="0" conditionals="0" coveredconditionals="0" statements="0" coveredstatements="0" elements="0" coveredelements="0"/>
    </file>
    <file name="/home/runner/work/crawler/crawler/src/UserAgents/BotUserAgent.php">
      <class name="Crwlr\Crawler\UserAgents\BotUserAgent" namespace="global">
        <metrics complexity="6" methods="4" coveredmethods="4" conditionals="0" coveredconditionals="0" statements="9" coveredstatements="9" elements="13" coveredelements="13"/>
      </class>
      <line num="12" type="method" name="__construct" visibility="public" complexity="1" crap="1" count="63"/>
      <line num="19" type="method" name="make" visibility="public" complexity="1" crap="1" count="1"/>
      <line num="21" type="stmt" count="1"/>
      <line num="24" type="method" name="__toString" visibility="public" complexity="3" crap="3" count="44"/>
      <line num="26" type="stmt" count="44"/>
      <line num="28" type="stmt" count="44"/>
      <line num="29" type="stmt" count="3"/>
      <line num="32" type="stmt" count="44"/>
      <line num="33" type="stmt" count="3"/>
      <line num="36" type="stmt" count="44"/>
      <line num="39" type="method" name="productToken" visibility="public" complexity="1" crap="1" count="6"/>
      <line num="41" type="stmt" count="6"/>
      <metrics loc="44" ncloc="39" classes="1" methods="4" coveredmethods="4" conditionals="0" coveredconditionals="0" statements="9" coveredstatements="9" elements="13" coveredelements="13"/>
    </file>
    <file name="/home/runner/work/crawler/crawler/src/UserAgents/BotUserAgentInterface.php">
      <metrics loc="9" ncloc="9" classes="0" methods="0" coveredmethods="0" conditionals="0" coveredconditionals="0" statements="0" coveredstatements="0" elements="0" coveredelements="0"/>
    </file>
    <file name="/home/runner/work/crawler/crawler/src/UserAgents/UserAgent.php">
      <class name="Crwlr\Crawler\UserAgents\UserAgent" namespace="global">
        <metrics complexity="2" methods="2" coveredmethods="2" conditionals="0" coveredconditionals="0" statements="2" coveredstatements="2" elements="4" coveredelements="4"/>
      </class>
      <line num="7" type="method" name="__construct" visibility="public" complexity="1" crap="1" count="4"/>
      <line num="11" type="method" name="__toString" visibility="public" complexity="1" crap="1" count="4"/>
      <line num="13" type="stmt" count="4"/>
      <metrics loc="16" ncloc="16" classes="1" methods="2" coveredmethods="2" conditionals="0" coveredconditionals="0" statements="2" coveredstatements="2" elements="4" coveredelements="4"/>
    </file>
    <file name="/home/runner/work/crawler/crawler/src/UserAgents/UserAgentInterface.php">
      <metrics loc="9" ncloc="9" classes="0" methods="0" coveredmethods="0" conditionals="0" coveredconditionals="0" statements="0" coveredstatements="0" elements="0" coveredelements="0"/>
    </file>
    <metrics files="39" loc="2913" ncloc="2569" classes="30" methods="205" coveredmethods="161" conditionals="0" coveredconditionals="0" statements="712" coveredstatements="650" elements="917" coveredelements="811"/>
  </project>
</coverage>
